<?xml version="1.0" encoding="UTF-8"?>
<!-- Generated by org.testng.reporters.JUnitXMLReporter -->
<testsuite hostname="DESKTOP-NM05SVP" ignored="0" name="Create PortFolio test" tests="2" failures="0" timestamp="22 Sep 2018 15:23:47 GMT" time="18.678" errors="0">
  <testcase name="createPortFolioTest" time="18.5" classname="com.qtpselenium.hybrid.testcases.CreatePortfolioTest"/>
  <testcase name="createPortFolioTest" time="0.002" classname="com.qtpselenium.hybrid.testcases.CreatePortfolioTest">
    <skipped/>
  </testcase> <!-- createPortFolioTest -->
</testsuite> <!-- Create PortFolio test -->
